C:\Program Files (x86)\Microsoft Visual Studio\2017\Community\Common7\IDE\VC\VCTargets\Microsoft.CppBuild.targets(391,5): warning MSB8028: El directorio intermedio (Release\) contiene archivos compartidos de otro proyecto (p3_01.vcxproj). Esto puede dar lugar a un comportamiento incorrecto de limpieza y recompilación.
  Camera.cpp
  Cylinder.cpp
  DirectionalLight.cpp
c:\users\belem\desktop\pruebas\proyecto-cgehic-20192\directionallight.cpp(18): warning C4244: 'argumento': conversión de 'GLfloat' a 'GLint'; posible pérdida de datos
c:\users\belem\desktop\pruebas\proyecto-cgehic-20192\directionallight.cpp(19): warning C4244: 'argumento': conversión de 'GLfloat' a 'GLint'; posible pérdida de datos
c:\users\belem\desktop\pruebas\proyecto-cgehic-20192\directionallight.cpp(21): warning C4244: 'argumento': conversión de 'GLfloat' a 'GLint'; posible pérdida de datos
c:\users\belem\desktop\pruebas\proyecto-cgehic-20192\directionallight.cpp(22): warning C4244: 'argumento': conversión de 'GLfloat' a 'GLint'; posible pérdida de datos
  Light.cpp
  Material.cpp
  Mesh_Poli.cpp
  Mesh_tn.cpp
  Model.cpp
c:\users\belem\desktop\pruebas\proyecto-cgehic-20192\model.cpp(15): warning C4477: 'printf' : la cadena de formato '%s' requiere un argumento de tipo 'char *', pero el argumento variádico 1 tiene el tipo 'const std::string'
c:\users\belem\desktop\pruebas\proyecto-cgehic-20192\model.cpp(15): warning C4474: "printf": se pasaron demasiados argumentos para la cadena de formato
  c:\users\belem\desktop\pruebas\proyecto-cgehic-20192\model.cpp(15): note: los marcadores de posición y sus parámetros esperan 1 argumentos variádicos, pero se proporcionaron 2
c:\users\belem\desktop\pruebas\proyecto-cgehic-20192\model.cpp(50): warning C4804: '<': uso no seguro del tipo 'bool' en la operación
c:\users\belem\desktop\pruebas\proyecto-cgehic-20192\model.cpp(50): warning C4018: '<': no coinciden signed/unsigned
c:\users\belem\desktop\pruebas\proyecto-cgehic-20192\model.cpp(139): warning C4477: 'printf' : la cadena de formato '%s' requiere un argumento de tipo 'char *', pero el argumento variádico 1 tiene el tipo 'std::string'
c:\users\belem\desktop\pruebas\proyecto-cgehic-20192\model.cpp(148): warning C4477: 'printf' : la cadena de formato '%s' requiere un argumento de tipo 'char *', pero el argumento variádico 1 tiene el tipo 'std::string'
  PointLight.cpp
c:\users\belem\desktop\pruebas\proyecto-cgehic-20192\pointlight.cpp(28): warning C4244: 'argumento': conversión de 'GLfloat' a 'GLint'; posible pérdida de datos
c:\users\belem\desktop\pruebas\proyecto-cgehic-20192\pointlight.cpp(29): warning C4244: 'argumento': conversión de 'GLfloat' a 'GLint'; posible pérdida de datos
c:\users\belem\desktop\pruebas\proyecto-cgehic-20192\pointlight.cpp(30): warning C4244: 'argumento': conversión de 'GLfloat' a 'GLint'; posible pérdida de datos
c:\users\belem\desktop\pruebas\proyecto-cgehic-20192\pointlight.cpp(32): warning C4244: 'argumento': conversión de 'GLfloat' a 'GLint'; posible pérdida de datos
c:\users\belem\desktop\pruebas\proyecto-cgehic-20192\pointlight.cpp(33): warning C4244: 'argumento': conversión de 'GLfloat' a 'GLint'; posible pérdida de datos
c:\users\belem\desktop\pruebas\proyecto-cgehic-20192\pointlight.cpp(34): warning C4244: 'argumento': conversión de 'GLfloat' a 'GLint'; posible pérdida de datos
c:\users\belem\desktop\pruebas\proyecto-cgehic-20192\pointlight.cpp(35): warning C4244: 'argumento': conversión de 'GLfloat' a 'GLint'; posible pérdida de datos
  ProyectoLab1.cpp
c:\users\belem\desktop\pruebas\proyecto-cgehic-20192\window.h(12): warning C4244: 'return': conversión de 'GLint' a 'GLfloat'; posible pérdida de datos
c:\users\belem\desktop\pruebas\proyecto-cgehic-20192\window.h(13): warning C4244: 'return': conversión de 'GLint' a 'GLfloat'; posible pérdida de datos
c:\users\belem\desktop\pruebas\proyecto-cgehic-20192\proyectolab1.cpp(305): warning C4305: 'inicializando': truncamiento de 'double' a 'GLfloat'
c:\users\belem\desktop\pruebas\proyecto-cgehic-20192\proyectolab1.cpp(1650): warning C4305: 'inicializando': truncamiento de 'double' a 'float'
c:\users\belem\desktop\pruebas\proyecto-cgehic-20192\proyectolab1.cpp(1987): warning C4244: 'inicializando': conversión de 'double' a 'GLfloat'; posible pérdida de datos
c:\users\belem\desktop\pruebas\proyecto-cgehic-20192\proyectolab1.cpp(1992): warning C4305: '+=': truncamiento de 'double' a 'float'
c:\users\belem\desktop\pruebas\proyecto-cgehic-20192\proyectolab1.cpp(2000): warning C4305: '+=': truncamiento de 'double' a 'float'
c:\users\belem\desktop\pruebas\proyecto-cgehic-20192\proyectolab1.cpp(2006): warning C4305: '+=': truncamiento de 'double' a 'float'
  Shader.cpp
  Shader_light.cpp
c:\users\belem\desktop\pruebas\proyecto-cgehic-20192\shader_light.cpp(202): warning C4244: 'argumento': conversión de 'GLuint' a 'GLfloat'; posible pérdida de datos
c:\users\belem\desktop\pruebas\proyecto-cgehic-20192\shader_light.cpp(201): warning C4244: 'argumento': conversión de 'GLuint' a 'GLfloat'; posible pérdida de datos
c:\users\belem\desktop\pruebas\proyecto-cgehic-20192\shader_light.cpp(215): warning C4244: 'argumento': conversión de 'GLuint' a 'GLfloat'; posible pérdida de datos
c:\users\belem\desktop\pruebas\proyecto-cgehic-20192\shader_light.cpp(214): warning C4244: 'argumento': conversión de 'GLuint' a 'GLfloat'; posible pérdida de datos
c:\users\belem\desktop\pruebas\proyecto-cgehic-20192\shader_light.cpp(213): warning C4244: 'argumento': conversión de 'GLuint' a 'GLfloat'; posible pérdida de datos
  Skybox.cpp
  Sphere.cpp
c:\users\belem\desktop\pruebas\proyecto-cgehic-20192\sphere.cpp(37): warning C4244: 'inicializando': conversión de 'double' a 'float'; posible pérdida de datos
c:\users\belem\desktop\pruebas\proyecto-cgehic-20192\sphere.cpp(41): warning C4244: 'inicializando': conversión de 'double' a 'float'; posible pérdida de datos
c:\users\belem\desktop\pruebas\proyecto-cgehic-20192\sphere.cpp(66): warning C4244: 'inicializando': conversión de 'double' a 'float'; posible pérdida de datos
c:\users\belem\desktop\pruebas\proyecto-cgehic-20192\sphere.cpp(70): warning C4244: 'inicializando': conversión de 'double' a 'float'; posible pérdida de datos
  SpotLight.cpp
  Texture.cpp
  Window.cpp
c:\users\belem\desktop\pruebas\proyecto-cgehic-20192\window.h(12): warning C4244: 'return': conversión de 'GLint' a 'GLfloat'; posible pérdida de datos
c:\users\belem\desktop\pruebas\proyecto-cgehic-20192\window.h(13): warning C4244: 'return': conversión de 'GLint' a 'GLfloat'; posible pérdida de datos
c:\users\belem\desktop\pruebas\proyecto-cgehic-20192\window.cpp(147): warning C4244: '=': conversión de 'double' a 'GLfloat'; posible pérdida de datos
c:\users\belem\desktop\pruebas\proyecto-cgehic-20192\window.cpp(148): warning C4244: '=': conversión de 'double' a 'GLfloat'; posible pérdida de datos
c:\users\belem\desktop\pruebas\proyecto-cgehic-20192\window.cpp(152): warning C4244: '=': conversión de 'double' a 'GLfloat'; posible pérdida de datos
c:\users\belem\desktop\pruebas\proyecto-cgehic-20192\window.cpp(153): warning C4244: '=': conversión de 'double' a 'GLfloat'; posible pérdida de datos
c:\users\belem\desktop\pruebas\proyecto-cgehic-20192\window.cpp(155): warning C4244: '=': conversión de 'double' a 'GLfloat'; posible pérdida de datos
c:\users\belem\desktop\pruebas\proyecto-cgehic-20192\window.cpp(156): warning C4244: '=': conversión de 'double' a 'GLfloat'; posible pérdida de datos
  Generando código
c:\users\belem\desktop\pruebas\proyecto-cgehic-20192\window.cpp(75): warning C4715: 'Window::Initialise': no todas las rutas de acceso de control devuelven un valor
  1180 of 1194 functions (98.8%) were compiled, the rest were copied from previous compilation.
    75 functions were new in current compilation
    0 functions had inline decision re-evaluated but remain unchanged
  Generación de código finalizada
  p3_01.vcxproj -> C:\Users\Belem\Desktop\Pruebas\Proyecto-CGeHIC-20192\Release\proyecto.exe
