d:\cuevas\documents\grafica\pro\proyecto-cgehic-20192\release\vc141.pdb
d:\cuevas\documents\grafica\pro\proyecto-cgehic-20192\release\window.obj
d:\cuevas\documents\grafica\pro\proyecto-cgehic-20192\release\texture.obj
d:\cuevas\documents\grafica\pro\proyecto-cgehic-20192\release\spotlight.obj
d:\cuevas\documents\grafica\pro\proyecto-cgehic-20192\release\sphere.obj
d:\cuevas\documents\grafica\pro\proyecto-cgehic-20192\release\skybox.obj
d:\cuevas\documents\grafica\pro\proyecto-cgehic-20192\release\shader_light.obj
d:\cuevas\documents\grafica\pro\proyecto-cgehic-20192\release\shader.obj
d:\cuevas\documents\grafica\pro\proyecto-cgehic-20192\release\proyectolab1.obj
d:\cuevas\documents\grafica\pro\proyecto-cgehic-20192\release\pointlight.obj
d:\cuevas\documents\grafica\pro\proyecto-cgehic-20192\release\model.obj
d:\cuevas\documents\grafica\pro\proyecto-cgehic-20192\release\mesh_tn.obj
d:\cuevas\documents\grafica\pro\proyecto-cgehic-20192\release\mesh_poli.obj
d:\cuevas\documents\grafica\pro\proyecto-cgehic-20192\release\material.obj
d:\cuevas\documents\grafica\pro\proyecto-cgehic-20192\release\light.obj
d:\cuevas\documents\grafica\pro\proyecto-cgehic-20192\release\directionallight.obj
d:\cuevas\documents\grafica\pro\proyecto-cgehic-20192\release\cylinder.obj
d:\cuevas\documents\grafica\pro\proyecto-cgehic-20192\release\camera.obj
d:\cuevas\documents\grafica\pro\proyecto-cgehic-20192\release\proyecto.exe
d:\cuevas\documents\grafica\pro\proyecto-cgehic-20192\release\proyecto.pdb
d:\cuevas\documents\grafica\pro\proyecto-cgehic-20192\release\proyecto.ipdb
d:\cuevas\documents\grafica\pro\proyecto-cgehic-20192\release\proyecto.iobj
d:\cuevas\documents\grafica\pro\proyecto-cgehic-20192\release\proyecto.tlog\cl.command.1.tlog
d:\cuevas\documents\grafica\pro\proyecto-cgehic-20192\release\proyecto.tlog\cl.read.1.tlog
d:\cuevas\documents\grafica\pro\proyecto-cgehic-20192\release\proyecto.tlog\cl.write.1.tlog
d:\cuevas\documents\grafica\pro\proyecto-cgehic-20192\release\proyecto.tlog\link.command.1.tlog
d:\cuevas\documents\grafica\pro\proyecto-cgehic-20192\release\proyecto.tlog\link.read.1.tlog
d:\cuevas\documents\grafica\pro\proyecto-cgehic-20192\release\proyecto.tlog\link.write.1.tlog
d:\cuevas\documents\grafica\pro\proyecto-cgehic-20192\release\proyecto.tlog\proyecto.write.1u.tlog
